mode: set
github.com/zviedris/bookings/cmd/web/main.go:22.13,24.16 2 0
github.com/zviedris/bookings/cmd/web/main.go:28.2,37.16 4 0
github.com/zviedris/bookings/cmd/web/main.go:24.16,26.3 1 0
github.com/zviedris/bookings/cmd/web/main.go:40.18,58.16 11 1
github.com/zviedris/bookings/cmd/web/main.go:62.2,73.12 6 1
github.com/zviedris/bookings/cmd/web/main.go:58.16,60.3 1 0
github.com/zviedris/bookings/cmd/web/middleware.go:10.53,11.71 1 0
github.com/zviedris/bookings/cmd/web/middleware.go:11.71,14.3 2 0
github.com/zviedris/bookings/cmd/web/middleware.go:18.45,29.2 3 1
github.com/zviedris/bookings/cmd/web/middleware.go:32.50,34.2 1 1
github.com/zviedris/bookings/cmd/web/routes.go:12.49,37.2 18 1
